<?xml version="1.0" encoding="UTF-8"?>
<!-- Generated by org.testng.reporters.JUnitReportReporter -->
<testsuite skipped="0" hostname="DESKTOP-27L8JE7" name="excelDataDriven.TestC" tests="3" failures="0" timestamp="09 Mar 2021 00:53:52 GMT" time="0.023" errors="0">
  <testcase name="f" time="0.009" classname="excelDataDriven.TestC"/>
  <testcase name="f" time="0.011" classname="excelDataDriven.TestC"/>
  <testcase name="f" time="0.003" classname="excelDataDriven.TestC"/>
</testsuite> <!-- excelDataDriven.TestC -->
