<?xml version="1.0" encoding="UTF-8"?>
<!-- Generated by org.testng.reporters.JUnitReportReporter -->
<testsuite skipped="0" hostname="DESKTOP-27L8JE7" name="com.project.MavenFebruary8AMBatch.LinksTesting1" tests="1" failures="0" timestamp="19 Feb 2021 03:28:54 GMT" time="14.708" errors="0">
  <testcase name="linktesting1" time="14.708" classname="com.project.MavenFebruary8AMBatch.LinksTesting1"/>
</testsuite> <!-- com.project.MavenFebruary8AMBatch.LinksTesting1 -->
