<?xml version="1.0" encoding="UTF-8"?>
<!-- Generated by org.testng.reporters.JUnitReportReporter -->
<testsuite skipped="0" hostname="DESKTOP-27L8JE7" name="com.project.MavenFebruary8AMBatch.TNG_004" tests="1" failures="0" timestamp="20 Feb 2021 03:20:46 GMT" time="64.616" errors="0">
  <testcase name="amazon" time="64.616" classname="com.project.MavenFebruary8AMBatch.TNG_004"/>
</testsuite> <!-- com.project.MavenFebruary8AMBatch.TNG_004 -->
