<?xml version="1.0" encoding="UTF-8"?>
<!-- Generated by org.testng.reporters.JUnitReportReporter -->
<testsuite skipped="0" hostname="DESKTOP-27L8JE7" name="com.project.MavenFebruary8AMBatch.CheckBox1" tests="1" failures="0" timestamp="20 Feb 2021 03:22:37 GMT" time="34.395" errors="0">
  <testcase name="checkboxTest" time="34.395" classname="com.project.MavenFebruary8AMBatch.CheckBox1"/>
</testsuite> <!-- com.project.MavenFebruary8AMBatch.CheckBox1 -->
