<?xml version="1.0" encoding="UTF-8"?>
<!-- Generated by org.testng.reporters.JUnitReportReporter -->
<testsuite skipped="1" hostname="DESKTOP-27L8JE7" name="com.project.MavenFebruary8AMBatch.TNG_003" tests="3" failures="0" timestamp="19 Feb 2021 03:10:48 GMT" time="0.021" errors="0">
  <testcase name="f" time="0.015" classname="com.project.MavenFebruary8AMBatch.TNG_003"/>
  <testcase name="z" time="0.006" classname="com.project.MavenFebruary8AMBatch.TNG_003"/>
  <testcase name="a" classname="com.project.MavenFebruary8AMBatch.TNG_003">
    <skipped/>
  </testcase> <!-- a -->
</testsuite> <!-- com.project.MavenFebruary8AMBatch.TNG_003 -->
