<?xml version="1.0" encoding="UTF-8"?>
<!-- Generated by org.testng.reporters.JUnitReportReporter -->
<testsuite skipped="0" hostname="DESKTOP-27L8JE7" name="com.project.MavenFebruary8AMBatch.TNG_004" tests="1" failures="0" timestamp="19 Feb 2021 03:28:54 GMT" time="52.490" errors="0">
  <testcase name="amazon" time="52.490" classname="com.project.MavenFebruary8AMBatch.TNG_004"/>
</testsuite> <!-- com.project.MavenFebruary8AMBatch.TNG_004 -->
