<?xml version="1.0" encoding="UTF-8"?>
<!-- Generated by org.testng.reporters.JUnitReportReporter -->
<testsuite skipped="0" hostname="DESKTOP-27L8JE7" name="suiteB.TestB1" tests="1" failures="0" timestamp="20 Feb 2021 03:00:09 GMT" time="3.002" errors="0">
  <testcase name="f" time="3.002" classname="suiteB.TestB1"/>
</testsuite> <!-- suiteB.TestB1 -->
