<?xml version="1.0" encoding="UTF-8"?>
<!-- Generated by org.testng.reporters.JUnitReportReporter -->
<testsuite skipped="0" hostname="DESKTOP-27L8JE7" name="pageobjectmodel.POM_001" tests="1" failures="0" timestamp="03 Mar 2021 03:16:54 GMT" time="18.935" errors="0">
  <testcase name="f" time="18.935" classname="pageobjectmodel.POM_001"/>
</testsuite> <!-- pageobjectmodel.POM_001 -->
