<?xml version="1.0" encoding="UTF-8"?>
<!-- Generated by org.testng.reporters.JUnitReportReporter -->
<testsuite skipped="0" hostname="DESKTOP-27L8JE7" name="excelDataDriven.TestC" tests="3" failures="0" timestamp="27 Feb 2021 02:34:18 GMT" time="0.035" errors="0">
  <testcase name="f" time="0.025" classname="excelDataDriven.TestC"/>
  <testcase name="f" time="0.005" classname="excelDataDriven.TestC"/>
  <testcase name="f" time="0.005" classname="excelDataDriven.TestC"/>
</testsuite> <!-- excelDataDriven.TestC -->
