<?xml version="1.0" encoding="UTF-8"?>
<!-- Generated by org.testng.reporters.JUnitReportReporter -->
<testsuite skipped="2" hostname="DESKTOP-27L8JE7" name="com.project.MavenFebruary8AMBatch.TestDependency" tests="4" failures="0" timestamp="20 Feb 2021 03:39:27 GMT" time="0.043" errors="0">
  <testcase name="orange" time="0.032" classname="com.project.MavenFebruary8AMBatch.TestDependency"/>
  <testcase name="white" time="0.002" classname="com.project.MavenFebruary8AMBatch.TestDependency"/>
  <testcase name="blue" time="0.009" classname="com.project.MavenFebruary8AMBatch.TestDependency">
    <skipped/>
  </testcase> <!-- blue -->
  <testcase name="green" time="0.000" classname="com.project.MavenFebruary8AMBatch.TestDependency">
    <skipped/>
  </testcase> <!-- green -->
</testsuite> <!-- com.project.MavenFebruary8AMBatch.TestDependency -->
