<?xml version="1.0" encoding="UTF-8"?>
<!-- Generated by org.testng.reporters.JUnitReportReporter -->
<testsuite skipped="0" hostname="DESKTOP-27L8JE7" name="excelDataDriven.TestA" tests="2" failures="0" timestamp="27 Feb 2021 02:07:27 GMT" time="0.032" errors="0">
  <testcase name="testA" time="0.023" classname="excelDataDriven.TestA"/>
  <testcase name="testA" time="0.009" classname="excelDataDriven.TestA"/>
</testsuite> <!-- excelDataDriven.TestA -->
