<?xml version="1.0" encoding="UTF-8"?>
<!-- Generated by org.testng.reporters.JUnitReportReporter -->
<testsuite skipped="0" hostname="DESKTOP-27L8JE7" name="excelDataDriven.TestB" tests="3" failures="0" timestamp="27 Feb 2021 02:24:50 GMT" time="0.028" errors="0">
  <testcase name="f" time="0.019" classname="excelDataDriven.TestB"/>
  <testcase name="f" time="0.005" classname="excelDataDriven.TestB"/>
  <testcase name="f" time="0.004" classname="excelDataDriven.TestB"/>
</testsuite> <!-- excelDataDriven.TestB -->
