<?xml version="1.0" encoding="UTF-8"?>
<!-- Generated by org.testng.reporters.JUnitReportReporter -->
<testsuite skipped="0" hostname="DESKTOP-27L8JE7" name="com.crm.SalesforceCRM.suitea.LoginTest" tests="2" failures="0" timestamp="10 Mar 2021 02:36:54 GMT" time="0.087" errors="0">
  <testcase name="f" time="0.055" classname="com.crm.SalesforceCRM.suitea.LoginTest"/>
  <testcase name="f" time="0.032" classname="com.crm.SalesforceCRM.suitea.LoginTest"/>
</testsuite> <!-- com.crm.SalesforceCRM.suitea.LoginTest -->
