<?xml version="1.0" encoding="UTF-8"?>
<!-- Generated by org.testng.reporters.JUnitReportReporter -->
<testsuite skipped="0" hostname="DESKTOP-27L8JE7" name="com.crm.SalesforceCRM.suitea.LoginTest" tests="1" failures="0" timestamp="05 Mar 2021 02:14:13 GMT" time="1.556" errors="0">
  <testcase name="f" time="1.556" classname="com.crm.SalesforceCRM.suitea.LoginTest"/>
</testsuite> <!-- com.crm.SalesforceCRM.suitea.LoginTest -->
