<?xml version="1.0" encoding="UTF-8"?>
<!-- Generated by org.testng.reporters.JUnitReportReporter -->
<testsuite skipped="1" hostname="DESKTOP-27L8JE7" name="com.crm.SalesforceCRM.suitea.LoginTest" tests="2" failures="0" timestamp="05 Apr 2021 02:07:06 GMT" time="17.586" errors="0">
  <testcase name="f" time="17.582" classname="com.crm.SalesforceCRM.suitea.LoginTest"/>
  <testcase name="f" time="0.004" classname="com.crm.SalesforceCRM.suitea.LoginTest">
    <skipped/>
  </testcase> <!-- f -->
</testsuite> <!-- com.crm.SalesforceCRM.suitea.LoginTest -->
