<?xml version="1.0" encoding="UTF-8"?>
<!-- Generated by org.testng.reporters.JUnitReportReporter -->
<testsuite skipped="1" hostname="DESKTOP-27L8JE7" name="com.crm.SalesforceCRM.suitea.LoginTest" tests="2" failures="0" timestamp="09 Mar 2021 02:17:56 GMT" time="0.044" errors="0">
  <testcase name="f" time="0.039" classname="com.crm.SalesforceCRM.suitea.LoginTest"/>
  <testcase name="f" time="0.005" classname="com.crm.SalesforceCRM.suitea.LoginTest">
    <skipped/>
  </testcase> <!-- f -->
</testsuite> <!-- com.crm.SalesforceCRM.suitea.LoginTest -->
