<?xml version="1.0" encoding="UTF-8"?>
<!-- Generated by org.testng.reporters.JUnitReportReporter -->
<testsuite skipped="1" hostname="DESKTOP-27L8JE7" name="com.crm.SalesforceCRM.suitea.LoginTest" tests="2" failures="0" timestamp="25 Mar 2021 02:00:47 GMT" time="21.665" errors="0">
  <testcase name="f" time="0.005" classname="com.crm.SalesforceCRM.suitea.LoginTest">
    <skipped/>
  </testcase> <!-- f -->
  <testcase name="f" time="21.660" classname="com.crm.SalesforceCRM.suitea.LoginTest"/>
</testsuite> <!-- com.crm.SalesforceCRM.suitea.LoginTest -->
