<?xml version="1.0" encoding="UTF-8"?>
<!-- Generated by org.testng.reporters.JUnitReportReporter -->
<testsuite skipped="0" hostname="DESKTOP-27L8JE7" name="com.crm.SalesforceCRM.suiteb.DemoClass" tests="1" failures="0" timestamp="05 Mar 2021 02:14:49 GMT" time="1.557" errors="0">
  <testcase name="f" time="1.557" classname="com.crm.SalesforceCRM.suiteb.DemoClass"/>
</testsuite> <!-- com.crm.SalesforceCRM.suiteb.DemoClass -->
