<?xml version="1.0" encoding="UTF-8"?>
<!-- Generated by org.testng.reporters.JUnitReportReporter -->
<testsuite skipped="1" hostname="DESKTOP-27L8JE7" name="com.crm.SalesforceCRM.suitea.LoginTest" tests="2" failures="0" timestamp="23 Mar 2021 02:14:48 GMT" time="15.392" errors="0">
  <testcase name="f" time="0.003" classname="com.crm.SalesforceCRM.suitea.LoginTest">
    <skipped/>
  </testcase> <!-- f -->
  <testcase name="f" time="15.389" classname="com.crm.SalesforceCRM.suitea.LoginTest"/>
</testsuite> <!-- com.crm.SalesforceCRM.suitea.LoginTest -->
